  Buffer_Server.cpp
  Main_Server.cpp
C:\Users\Ryan\Desktop\INFO - 6016\Projects\2\Project2\Project1\Buffer_Server.cpp(46,25): warning C4244: '=': conversion from 'short' to '_Ty', possible loss of data
C:\Users\Ryan\Desktop\INFO - 6016\Projects\2\Project2\Project1\Buffer_Server.cpp(46,25): warning C4244:         with
C:\Users\Ryan\Desktop\INFO - 6016\Projects\2\Project2\Project1\Buffer_Server.cpp(46,25): warning C4244:         [
C:\Users\Ryan\Desktop\INFO - 6016\Projects\2\Project2\Project1\Buffer_Server.cpp(46,25): warning C4244:             _Ty=char
C:\Users\Ryan\Desktop\INFO - 6016\Projects\2\Project2\Project1\Buffer_Server.cpp(46,25): warning C4244:         ]
C:\Users\Ryan\Desktop\INFO - 6016\Projects\2\Project2\Project1\Main_Server.cpp(63,36): warning C4305: 'argument': truncation from 'int' to 'u_short'
C:\Users\Ryan\Desktop\INFO - 6016\Projects\2\Project2\Project1\Main_Server.cpp(63,30): warning C4309: 'argument': truncation of constant value
C:\Users\Ryan\Desktop\INFO - 6016\Projects\2\Project2\Project1\Main_Server.cpp(82,31): warning C4305: 'argument': truncation from 'int' to 'u_short'
C:\Users\Ryan\Desktop\INFO - 6016\Projects\2\Project2\Project1\Main_Server.cpp(82,24): warning C4309: 'argument': truncation of constant value
C:\Users\Ryan\Desktop\INFO - 6016\Projects\2\Project2\Project1\Main_Server.cpp(106,79): warning C4312: 'type cast': conversion from 'int' to 'LPVOID' of greater size
C:\Users\Ryan\Desktop\INFO - 6016\Projects\2\Project2\Project1\Main_Server.cpp(140,54): warning C4267: 'argument': conversion from 'size_t' to 'int', possible loss of data
C:\Users\Ryan\Desktop\INFO - 6016\Projects\2\Project2\Project1\Main_Server.cpp(156,6): warning C4267: 'argument': conversion from 'size_t' to 'int', possible loss of data
C:\Users\Ryan\Desktop\INFO - 6016\Projects\2\Project2\Project1\Main_Server.cpp(254,6): warning C4267: 'argument': conversion from 'size_t' to 'int', possible loss of data
C:\Users\Ryan\Desktop\INFO - 6016\Projects\2\Project2\Project1\Main_Server.cpp(390,44): warning C4267: 'argument': conversion from 'size_t' to '_Ty', possible loss of data
C:\Users\Ryan\Desktop\INFO - 6016\Projects\2\Project2\Project1\Main_Server.cpp(390,44): warning C4267:         with
C:\Users\Ryan\Desktop\INFO - 6016\Projects\2\Project2\Project1\Main_Server.cpp(390,44): warning C4267:         [
C:\Users\Ryan\Desktop\INFO - 6016\Projects\2\Project2\Project1\Main_Server.cpp(390,44): warning C4267:             _Ty=char
C:\Users\Ryan\Desktop\INFO - 6016\Projects\2\Project2\Project1\Main_Server.cpp(390,44): warning C4267:         ]
C:\Users\Ryan\Desktop\INFO - 6016\Projects\2\Project2\Project1\Main_Server.cpp(398,53): warning C4267: 'argument': conversion from 'size_t' to 'int', possible loss of data
C:\Users\Ryan\Desktop\INFO - 6016\Projects\2\Project2\Project1\Main_Server.cpp(412,50): warning C4267: 'argument': conversion from 'size_t' to 'int', possible loss of data
C:\Users\Ryan\Desktop\INFO - 6016\Projects\2\Project2\Project1\Main_Server.cpp(433,60): warning C4267: 'argument': conversion from 'size_t' to 'int', possible loss of data
  Project2.pb.cc
C:\Users\Ryan\Desktop\INFO - 6016\Projects\2\Project2\Project1\Main_Server.cpp(458,60): warning C4267: 'argument': conversion from 'size_t' to 'int', possible loss of data
C:\Users\Ryan\Desktop\INFO - 6016\Projects\2\Project2\Project1\Project2.pb.cc(410,69): warning C4244: '=': conversion from 'google::protobuf::uint64' to 'google::protobuf::int32', possible loss of data
C:\Users\Ryan\Desktop\INFO - 6016\Projects\2\Project2\Project1\Project2.pb.cc(746,69): warning C4244: '=': conversion from 'google::protobuf::uint64' to 'google::protobuf::int32', possible loss of data
C:\Users\Ryan\Desktop\INFO - 6016\Projects\2\Project2\Project1\Project2.pb.cc(1010,69): warning C4244: '=': conversion from 'google::protobuf::uint64' to 'google::protobuf::int32', possible loss of data
C:\Users\Ryan\Desktop\INFO - 6016\Projects\2\Project2\Project1\Project2.pb.cc(1019,15): warning C4244: 'argument': conversion from 'google::protobuf::uint64' to 'int', possible loss of data
C:\Users\Ryan\Desktop\INFO - 6016\Projects\2\Project2\Project1\Project2.pb.cc(1288,69): warning C4244: '=': conversion from 'google::protobuf::uint64' to 'google::protobuf::int32', possible loss of data
C:\Users\Ryan\Desktop\INFO - 6016\Projects\2\Project2\Project1\Project2.pb.cc(1603,69): warning C4244: '=': conversion from 'google::protobuf::uint64' to 'google::protobuf::int32', possible loss of data
C:\Users\Ryan\Desktop\INFO - 6016\Projects\2\Project2\Project1\Project2.pb.cc(1902,69): warning C4244: '=': conversion from 'google::protobuf::uint64' to 'google::protobuf::int32', possible loss of data
C:\Users\Ryan\Desktop\INFO - 6016\Projects\2\Project2\Project1\Project2.pb.cc(1911,15): warning C4244: 'argument': conversion from 'google::protobuf::uint64' to 'int', possible loss of data
C:\Users\Ryan\Desktop\INFO - 6016\Projects\2\Project2\dev\include\google\protobuf\has_bits.h(73,1): warning C4267: 'argument': conversion from 'size_t' to 'int', possible loss of data
C:\Users\Ryan\Desktop\INFO - 6016\Projects\2\Project2\dev\include\google\protobuf\has_bits.h(72): message : while compiling class template member function 'void google::protobuf::internal::HasBits<1>::Or(const google::protobuf::internal::HasBits<1> &)'
C:\Users\Ryan\Desktop\INFO - 6016\Projects\2\Project2\Project1\Project2.pb.cc(448): message : see reference to function template instantiation 'void google::protobuf::internal::HasBits<1>::Or(const google::protobuf::internal::HasBits<1> &)' being compiled
C:\Users\Ryan\Desktop\INFO - 6016\Projects\2\Project2\dev\include\google\protobuf\has_bits.h(83): message : see reference to class template instantiation 'google::protobuf::internal::HasBits<1>' being compiled
C:\Program Files (x86)\Microsoft Visual Studio\2019\Community\VC\Tools\MSVC\14.23.28105\include\chrono(669): message : see reference to class template instantiation 'std::chrono::duration<double,std::ratio<1,1>>' being compiled
C:\Program Files (x86)\Microsoft Visual Studio\2019\Community\VC\Tools\MSVC\14.23.28105\include\chrono(177): message : see reference to class template instantiation 'std::chrono::duration<__int64,std::nano>' being compiled
  Protocol_Server.cpp
C:\Program Files (x86)\Microsoft Visual Studio\2019\Community\VC\Tools\MSVC\14.23.28105\include\chrono(647): message : see reference to class template instantiation 'std::chrono::time_point<std::chrono::steady_clock,std::chrono::steady_clock::duration>' being compiled
C:\Users\Ryan\Desktop\INFO - 6016\Projects\2\Project2\Project1\Protocol_Server.cpp(96,56): warning C4267: 'argument': conversion from 'size_t' to 'int', possible loss of data
C:\Users\Ryan\Desktop\INFO - 6016\Projects\2\Project2\Project1\Protocol_Server.cpp(98,58): warning C4267: 'argument': conversion from 'size_t' to 'int', possible loss of data
  Generating code
  Previous IPDB not found, fall back to full compilation.
  All 930 functions were compiled because no usable IPDB/IOBJ from previous compilation was found.
  Finished generating code
  Project1.vcxproj -> C:\Users\Ryan\Desktop\INFO - 6016\Projects\2\Project2\x64\Release\Server.exe
