  bcrypt.c
C:\Users\Cryst\Downloads\Networking\Project2\Authentication\bcrypt.c(25,1): warning C4067: unexpected tokens following preprocessor directive - expected a newline
C:\Users\Cryst\Downloads\Networking\Project2\dev\include\bcrypt\bcrypt.h(17,1): warning C4005: 'BCRYPT_HASHSIZE': macro redefinition
C:\Users\Cryst\Downloads\Networking\Project2\Authentication\bcrypt.c(28): message : see previous definition of 'BCRYPT_HASHSIZE'
C:\Users\Cryst\Downloads\Networking\Project2\Authentication\bcrypt.c(46,14): warning C4013: 'close' undefined; assuming extern returning int
C:\Users\Cryst\Downloads\Networking\Project2\Authentication\bcrypt.c(64,18): warning C4013: 'read' undefined; assuming extern returning int
C:\Users\Cryst\Downloads\Networking\Project2\Authentication\bcrypt.c(73,19): warning C4244: '+=': conversion from 'ssize_t' to 'size_t', possible loss of data
C:\Users\Cryst\Downloads\Networking\Project2\Authentication\bcrypt.c(120,1): warning C4067: unexpected tokens following preprocessor directive - expected a newline
C:\Users\Cryst\Downloads\Networking\Project2\Authentication\bcrypt.c(154,24): warning C4013: 'crypt_gensalt_rn' undefined; assuming extern returning int
C:\Users\Cryst\Downloads\Networking\Project2\Authentication\bcrypt.c(155,33): warning C4047: '=': 'char *' differs in levels of indirection from 'int'
C:\Users\Cryst\Downloads\Networking\Project2\Authentication\bcrypt.c(114,6): warning C4101: 'fd': unreferenced local variable
C:\Users\Cryst\Downloads\Networking\Project2\Authentication\bcrypt.c(122,12): warning C4101: 'i': unreferenced local variable
C:\Users\Cryst\Downloads\Networking\Project2\Authentication\bcrypt.c(162,16): warning C4013: 'crypt_rn' undefined; assuming extern returning int
  crypt_blowfish.c
C:\Users\Cryst\Downloads\Networking\Project2\Authentication\bcrypt.c(162,53): warning C4047: '=': 'char *' differs in levels of indirection from 'int'
C:\Users\Cryst\Downloads\Networking\Project2\Authentication\crypt_blowfish.c(54,1): warning C4067: unexpected tokens following preprocessor directive - expected a newline
  crypt_gensalt.c
  wrapper.c
C:\Users\Cryst\Downloads\Networking\Project2\Authentication\crypt_blowfish.c(903,30): warning C4244: '=': conversion from 'unsigned long' to 'char', possible loss of data
C:\Users\Cryst\Downloads\Networking\Project2\Authentication\wrapper.c(44,1): warning C4067: unexpected tokens following preprocessor directive - expected a newline
  Generating Code...
C:\Users\Cryst\Downloads\Networking\Project2\Authentication\wrapper.c(254,1): warning C4067: unexpected tokens following preprocessor directive - expected a newline
  main.cpp
  Authentication.vcxproj -> C:\Users\Cryst\Downloads\Networking\Project2\Debug\Authentication.exe
