  Buffer_Client.cpp
  Main_Client.cpp
C:\Users\Ryan\Desktop\INFO - 6016\Projects\2\Project2\Client\Buffer_Client.cpp(45,25): warning C4244: '=': conversion from 'short' to '_Ty', possible loss of data
C:\Users\Ryan\Desktop\INFO - 6016\Projects\2\Project2\Client\Buffer_Client.cpp(45,25): warning C4244:         with
C:\Users\Ryan\Desktop\INFO - 6016\Projects\2\Project2\Client\Buffer_Client.cpp(45,25): warning C4244:         [
C:\Users\Ryan\Desktop\INFO - 6016\Projects\2\Project2\Client\Buffer_Client.cpp(45,25): warning C4244:             _Ty=char
C:\Users\Ryan\Desktop\INFO - 6016\Projects\2\Project2\Client\Buffer_Client.cpp(45,25): warning C4244:         ]
C:\Users\Ryan\Desktop\INFO - 6016\Projects\2\Project2\Client\Main_Client.cpp(45,31): warning C4305: 'argument': truncation from 'int' to 'u_short'
C:\Users\Ryan\Desktop\INFO - 6016\Projects\2\Project2\Client\Main_Client.cpp(45,24): warning C4309: 'argument': truncation of constant value
C:\Users\Ryan\Desktop\INFO - 6016\Projects\2\Project2\Client\Main_Client.cpp(80,49): warning C4267: 'argument': conversion from 'size_t' to 'int', possible loss of data
C:\Users\Ryan\Desktop\INFO - 6016\Projects\2\Project2\Client\Main_Client.cpp(96,49): warning C4267: 'argument': conversion from 'size_t' to 'int', possible loss of data
C:\Users\Ryan\Desktop\INFO - 6016\Projects\2\Project2\Client\Main_Client.cpp(135,49): warning C4267: 'argument': conversion from 'size_t' to 'int', possible loss of data
  Protocol_Client.cpp
C:\Users\Ryan\Desktop\INFO - 6016\Projects\2\Project2\Client\Main_Client.cpp(151,6): warning C4267: 'argument': conversion from 'size_t' to 'int', possible loss of data
C:\Users\Ryan\Desktop\INFO - 6016\Projects\2\Project2\Client\Protocol_Client.cpp(52,56): warning C4267: 'argument': conversion from 'size_t' to 'int', possible loss of data
C:\Users\Ryan\Desktop\INFO - 6016\Projects\2\Project2\Client\Protocol_Client.cpp(55,56): warning C4267: 'argument': conversion from 'size_t' to 'int', possible loss of data
C:\Users\Ryan\Desktop\INFO - 6016\Projects\2\Project2\Client\Protocol_Client.cpp(62,59): warning C4267: 'argument': conversion from 'size_t' to 'int', possible loss of data
C:\Users\Ryan\Desktop\INFO - 6016\Projects\2\Project2\Client\Protocol_Client.cpp(69,59): warning C4267: 'argument': conversion from 'size_t' to 'int', possible loss of data
C:\Users\Ryan\Desktop\INFO - 6016\Projects\2\Project2\Client\Protocol_Client.cpp(83,56): warning C4267: 'argument': conversion from 'size_t' to 'int', possible loss of data
C:\Users\Ryan\Desktop\INFO - 6016\Projects\2\Project2\Client\Protocol_Client.cpp(86,56): warning C4267: 'argument': conversion from 'size_t' to 'int', possible loss of data
C:\Users\Ryan\Desktop\INFO - 6016\Projects\2\Project2\Client\Protocol_Client.cpp(93,59): warning C4267: 'argument': conversion from 'size_t' to 'int', possible loss of data
C:\Users\Ryan\Desktop\INFO - 6016\Projects\2\Project2\Client\Protocol_Client.cpp(108,56): warning C4267: 'argument': conversion from 'size_t' to 'int', possible loss of data
C:\Users\Ryan\Desktop\INFO - 6016\Projects\2\Project2\Client\Protocol_Client.cpp(111,59): warning C4267: 'argument': conversion from 'size_t' to 'int', possible loss of data
C:\Users\Ryan\Desktop\INFO - 6016\Projects\2\Project2\Client\Protocol_Client.cpp(126,56): warning C4267: 'argument': conversion from 'size_t' to 'int', possible loss of data
C:\Users\Ryan\Desktop\INFO - 6016\Projects\2\Project2\Client\Protocol_Client.cpp(147,56): warning C4267: 'argument': conversion from 'size_t' to 'int', possible loss of data
C:\Users\Ryan\Desktop\INFO - 6016\Projects\2\Project2\Client\Protocol_Client.cpp(150,59): warning C4267: 'argument': conversion from 'size_t' to 'int', possible loss of data
C:\Users\Ryan\Desktop\INFO - 6016\Projects\2\Project2\Client\Protocol_Client.cpp(157,58): warning C4267: 'argument': conversion from 'size_t' to 'int', possible loss of data
  Generating code
  Previous IPDB not found, fall back to full compilation.
  All 198 functions were compiled because no usable IPDB/IOBJ from previous compilation was found.
  Finished generating code
  Client.vcxproj -> C:\Users\Ryan\Desktop\INFO - 6016\Projects\2\Project2\x64\Release\Client.exe
